Flow report for MTL_DEMO
Tue Dec 10 19:54:48 2013
Quartus II 64-Bit Version 13.0.1 Build 232 06/12/2013 Service Pack 1 SJ Web Edition


---------------------
; Table of Contents ;
---------------------
  1. Legal Notice
  2. Flow Summary
  3. Flow Settings
  4. Flow Non-Default Global Settings
  5. Flow Elapsed Time
  6. Flow OS Summary
  7. Flow Log
  8. Flow Messages
  9. Flow Suppressed Messages



----------------
; Legal Notice ;
----------------
Copyright (C) 1991-2013 Altera Corporation
Your use of Altera Corporation's design tools, logic functions 
and other software and tools, and its AMPP partner logic 
functions, and any output files from any of the foregoing 
(including device programming or simulation files), and any 
associated documentation or information are expressly subject 
to the terms and conditions of the Altera Program License 
Subscription Agreement, Altera MegaCore Function License 
Agreement, or other applicable license agreement, including, 
without limitation, that your use is for the sole purpose of 
programming logic devices manufactured by Altera and sold by 
Altera or its authorized distributors.  Please refer to the 
applicable agreement for further details.



+--------------------------------------------------------------------------------------+
; Flow Summary                                                                         ;
+------------------------------------+-------------------------------------------------+
; Flow Status                        ; Successful - Tue Dec 10 19:54:38 2013           ;
; Quartus II 64-Bit Version          ; 13.0.1 Build 232 06/12/2013 SP 1 SJ Web Edition ;
; Revision Name                      ; MTL_DEMO                                        ;
; Top-level Entity Name              ; MTL_DEMO                                        ;
; Family                             ; Cyclone II                                      ;
; Device                             ; EP2C35F672C6                                    ;
; Timing Models                      ; Final                                           ;
; Total logic elements               ; 10,508 / 33,216 ( 32 % )                        ;
;     Total combinational functions  ; 8,302 / 33,216 ( 25 % )                         ;
;     Dedicated logic registers      ; 7,332 / 33,216 ( 22 % )                         ;
; Total registers                    ; 7400                                            ;
; Total pins                         ; 416 / 475 ( 88 % )                              ;
; Total virtual pins                 ; 0                                               ;
; Total memory bits                  ; 105,376 / 483,840 ( 22 % )                      ;
; Embedded Multiplier 9-bit elements ; 4 / 70 ( 6 % )                                  ;
; Total PLLs                         ; 2 / 4 ( 50 % )                                  ;
+------------------------------------+-------------------------------------------------+


+-----------------------------------------+
; Flow Settings                           ;
+-------------------+---------------------+
; Option            ; Setting             ;
+-------------------+---------------------+
; Start date & time ; 12/10/2013 19:50:28 ;
; Main task         ; Compilation         ;
; Revision Name     ; MTL_DEMO            ;
+-------------------+---------------------+


+----------------------------------------------------------------------------------------------------------------------------------------------------------------------------------------------+
; Flow Non-Default Global Settings                                                                                                                                                             ;
+-------------------------------------+------------------------------------------------------------+---------------+--------------------------------------------------------+------------------+
; Assignment Name                     ; Value                                                      ; Default Value ; Entity Name                                            ; Section Id       ;
+-------------------------------------+------------------------------------------------------------+---------------+--------------------------------------------------------+------------------+
; COMPILER_SIGNATURE_ID               ; 1096425798367.138672302606856                              ; --            ; --                                                     ; --               ;
; ENABLE_SIGNALTAP                    ; On                                                         ; --            ; --                                                     ; --               ;
; IP_TOOL_ENV                         ; Qsys                                                       ; --            ; MTL_SOPC                                               ; --               ;
; IP_TOOL_ENV                         ; Qsys                                                       ; --            ; MTL_SOPC_addr_router                                   ; --               ;
; IP_TOOL_ENV                         ; Qsys                                                       ; --            ; MTL_SOPC_addr_router_001                               ; --               ;
; IP_TOOL_ENV                         ; Qsys                                                       ; --            ; MTL_SOPC_addr_router_002                               ; --               ;
; IP_TOOL_ENV                         ; Qsys                                                       ; --            ; MTL_SOPC_addr_router_003                               ; --               ;
; IP_TOOL_ENV                         ; Qsys                                                       ; --            ; MTL_SOPC_altpll_sys                                    ; --               ;
; IP_TOOL_ENV                         ; Qsys                                                       ; --            ; MTL_SOPC_cfi_flash                                     ; --               ;
; IP_TOOL_ENV                         ; Qsys                                                       ; --            ; MTL_SOPC_cmd_xbar_demux                                ; --               ;
; IP_TOOL_ENV                         ; Qsys                                                       ; --            ; MTL_SOPC_cmd_xbar_demux_001                            ; --               ;
; IP_TOOL_ENV                         ; Qsys                                                       ; --            ; MTL_SOPC_cmd_xbar_demux_002                            ; --               ;
; IP_TOOL_ENV                         ; Qsys                                                       ; --            ; MTL_SOPC_cmd_xbar_demux_003                            ; --               ;
; IP_TOOL_ENV                         ; Qsys                                                       ; --            ; MTL_SOPC_cmd_xbar_mux                                  ; --               ;
; IP_TOOL_ENV                         ; Qsys                                                       ; --            ; MTL_SOPC_cpu                                           ; --               ;
; IP_TOOL_ENV                         ; Qsys                                                       ; --            ; MTL_SOPC_epcs_flash_controller                         ; --               ;
; IP_TOOL_ENV                         ; Qsys                                                       ; --            ; MTL_SOPC_id_router                                     ; --               ;
; IP_TOOL_ENV                         ; Qsys                                                       ; --            ; MTL_SOPC_id_router_001                                 ; --               ;
; IP_TOOL_ENV                         ; Qsys                                                       ; --            ; MTL_SOPC_id_router_004                                 ; --               ;
; IP_TOOL_ENV                         ; Qsys                                                       ; --            ; MTL_SOPC_id_router_005                                 ; --               ;
; IP_TOOL_ENV                         ; Qsys                                                       ; --            ; MTL_SOPC_id_router_007                                 ; --               ;
; IP_TOOL_ENV                         ; Qsys                                                       ; --            ; MTL_SOPC_id_router_017                                 ; --               ;
; IP_TOOL_ENV                         ; Qsys                                                       ; --            ; MTL_SOPC_irq_mapper                                    ; --               ;
; IP_TOOL_ENV                         ; Qsys                                                       ; --            ; MTL_SOPC_jtag_uart                                     ; --               ;
; IP_TOOL_ENV                         ; Qsys                                                       ; --            ; MTL_SOPC_key                                           ; --               ;
; IP_TOOL_ENV                         ; Qsys                                                       ; --            ; MTL_SOPC_lcd                                           ; --               ;
; IP_TOOL_ENV                         ; Qsys                                                       ; --            ; MTL_SOPC_led                                           ; --               ;
; IP_TOOL_ENV                         ; Qsys                                                       ; --            ; MTL_SOPC_pio_0                                         ; --               ;
; IP_TOOL_ENV                         ; Qsys                                                       ; --            ; MTL_SOPC_pio_1                                         ; --               ;
; IP_TOOL_ENV                         ; Qsys                                                       ; --            ; MTL_SOPC_rsp_xbar_demux                                ; --               ;
; IP_TOOL_ENV                         ; Qsys                                                       ; --            ; MTL_SOPC_rsp_xbar_demux_017                            ; --               ;
; IP_TOOL_ENV                         ; Qsys                                                       ; --            ; MTL_SOPC_rsp_xbar_mux                                  ; --               ;
; IP_TOOL_ENV                         ; Qsys                                                       ; --            ; MTL_SOPC_rsp_xbar_mux_001                              ; --               ;
; IP_TOOL_ENV                         ; Qsys                                                       ; --            ; MTL_SOPC_rsp_xbar_mux_003                              ; --               ;
; IP_TOOL_ENV                         ; Qsys                                                       ; --            ; MTL_SOPC_sdram                                         ; --               ;
; IP_TOOL_ENV                         ; Qsys                                                       ; --            ; MTL_SOPC_sw                                            ; --               ;
; IP_TOOL_ENV                         ; Qsys                                                       ; --            ; MTL_SOPC_sysid                                         ; --               ;
; IP_TOOL_ENV                         ; Qsys                                                       ; --            ; MTL_SOPC_timer                                         ; --               ;
; IP_TOOL_ENV                         ; Qsys                                                       ; --            ; MTL_SOPC_tri_state_bridge_flash_bridge_0               ; --               ;
; IP_TOOL_ENV                         ; Qsys                                                       ; --            ; MTL_SOPC_tri_state_bridge_flash_pinSharer_0            ; --               ;
; IP_TOOL_ENV                         ; Qsys                                                       ; --            ; MTL_SOPC_tri_state_bridge_flash_pinSharer_0_arbiter    ; --               ;
; IP_TOOL_ENV                         ; Qsys                                                       ; --            ; MTL_SOPC_tri_state_bridge_flash_pinSharer_0_pin_sharer ; --               ;
; IP_TOOL_ENV                         ; Qsys                                                       ; --            ; alt_vipitc130_IS2Vid                                   ; --               ;
; IP_TOOL_ENV                         ; Qsys                                                       ; --            ; alt_vipvfr130_vfr                                      ; --               ;
; IP_TOOL_ENV                         ; Qsys                                                       ; --            ; altera_avalon_mm_clock_crossing_bridge                 ; --               ;
; IP_TOOL_ENV                         ; Qsys                                                       ; --            ; altera_avalon_sc_fifo                                  ; --               ;
; IP_TOOL_ENV                         ; Qsys                                                       ; --            ; altera_avalon_st_handshake_clock_crosser               ; --               ;
; IP_TOOL_ENV                         ; Qsys                                                       ; --            ; altera_irq_clock_crosser                               ; --               ;
; IP_TOOL_ENV                         ; Qsys                                                       ; --            ; altera_merlin_burst_adapter                            ; --               ;
; IP_TOOL_ENV                         ; Qsys                                                       ; --            ; altera_merlin_master_agent                             ; --               ;
; IP_TOOL_ENV                         ; Qsys                                                       ; --            ; altera_merlin_master_translator                        ; --               ;
; IP_TOOL_ENV                         ; Qsys                                                       ; --            ; altera_merlin_slave_agent                              ; --               ;
; IP_TOOL_ENV                         ; Qsys                                                       ; --            ; altera_merlin_slave_translator                         ; --               ;
; IP_TOOL_ENV                         ; Qsys                                                       ; --            ; altera_merlin_traffic_limiter                          ; --               ;
; IP_TOOL_ENV                         ; Qsys                                                       ; --            ; altera_merlin_width_adapter                            ; --               ;
; IP_TOOL_ENV                         ; Qsys                                                       ; --            ; altera_reset_controller                                ; --               ;
; IP_TOOL_ENV                         ; Qsys                                                       ; --            ; altera_tristate_controller_aggregator                  ; --               ;
; IP_TOOL_ENV                         ; Qsys                                                       ; --            ; altera_tristate_controller_translator                  ; --               ;
; IP_TOOL_NAME                        ; Qsys                                                       ; --            ; MTL_SOPC                                               ; --               ;
; IP_TOOL_NAME                        ; altera_merlin_router                                       ; --            ; MTL_SOPC_addr_router                                   ; --               ;
; IP_TOOL_NAME                        ; altera_merlin_router                                       ; --            ; MTL_SOPC_addr_router_001                               ; --               ;
; IP_TOOL_NAME                        ; altera_merlin_router                                       ; --            ; MTL_SOPC_addr_router_002                               ; --               ;
; IP_TOOL_NAME                        ; altera_merlin_router                                       ; --            ; MTL_SOPC_addr_router_003                               ; --               ;
; IP_TOOL_NAME                        ; altpll                                                     ; --            ; MTL_SOPC_altpll_sys                                    ; --               ;
; IP_TOOL_NAME                        ; altera_generic_tristate_controller                         ; --            ; MTL_SOPC_cfi_flash                                     ; --               ;
; IP_TOOL_NAME                        ; altera_merlin_demultiplexer                                ; --            ; MTL_SOPC_cmd_xbar_demux                                ; --               ;
; IP_TOOL_NAME                        ; altera_merlin_demultiplexer                                ; --            ; MTL_SOPC_cmd_xbar_demux_001                            ; --               ;
; IP_TOOL_NAME                        ; altera_merlin_demultiplexer                                ; --            ; MTL_SOPC_cmd_xbar_demux_002                            ; --               ;
; IP_TOOL_NAME                        ; altera_merlin_demultiplexer                                ; --            ; MTL_SOPC_cmd_xbar_demux_003                            ; --               ;
; IP_TOOL_NAME                        ; altera_merlin_multiplexer                                  ; --            ; MTL_SOPC_cmd_xbar_mux                                  ; --               ;
; IP_TOOL_NAME                        ; altera_nios2_qsys                                          ; --            ; MTL_SOPC_cpu                                           ; --               ;
; IP_TOOL_NAME                        ; altera_avalon_epcs_flash_controller                        ; --            ; MTL_SOPC_epcs_flash_controller                         ; --               ;
; IP_TOOL_NAME                        ; altera_merlin_router                                       ; --            ; MTL_SOPC_id_router                                     ; --               ;
; IP_TOOL_NAME                        ; altera_merlin_router                                       ; --            ; MTL_SOPC_id_router_001                                 ; --               ;
; IP_TOOL_NAME                        ; altera_merlin_router                                       ; --            ; MTL_SOPC_id_router_004                                 ; --               ;
; IP_TOOL_NAME                        ; altera_merlin_router                                       ; --            ; MTL_SOPC_id_router_005                                 ; --               ;
; IP_TOOL_NAME                        ; altera_merlin_router                                       ; --            ; MTL_SOPC_id_router_007                                 ; --               ;
; IP_TOOL_NAME                        ; altera_merlin_router                                       ; --            ; MTL_SOPC_id_router_017                                 ; --               ;
; IP_TOOL_NAME                        ; altera_irq_mapper                                          ; --            ; MTL_SOPC_irq_mapper                                    ; --               ;
; IP_TOOL_NAME                        ; altera_avalon_jtag_uart                                    ; --            ; MTL_SOPC_jtag_uart                                     ; --               ;
; IP_TOOL_NAME                        ; altera_avalon_pio                                          ; --            ; MTL_SOPC_key                                           ; --               ;
; IP_TOOL_NAME                        ; altera_avalon_lcd_16207                                    ; --            ; MTL_SOPC_lcd                                           ; --               ;
; IP_TOOL_NAME                        ; altera_avalon_pio                                          ; --            ; MTL_SOPC_led                                           ; --               ;
; IP_TOOL_NAME                        ; altera_avalon_pio                                          ; --            ; MTL_SOPC_pio_0                                         ; --               ;
; IP_TOOL_NAME                        ; altera_avalon_pio                                          ; --            ; MTL_SOPC_pio_1                                         ; --               ;
; IP_TOOL_NAME                        ; altera_merlin_demultiplexer                                ; --            ; MTL_SOPC_rsp_xbar_demux                                ; --               ;
; IP_TOOL_NAME                        ; altera_merlin_demultiplexer                                ; --            ; MTL_SOPC_rsp_xbar_demux_017                            ; --               ;
; IP_TOOL_NAME                        ; altera_merlin_multiplexer                                  ; --            ; MTL_SOPC_rsp_xbar_mux                                  ; --               ;
; IP_TOOL_NAME                        ; altera_merlin_multiplexer                                  ; --            ; MTL_SOPC_rsp_xbar_mux_001                              ; --               ;
; IP_TOOL_NAME                        ; altera_merlin_multiplexer                                  ; --            ; MTL_SOPC_rsp_xbar_mux_003                              ; --               ;
; IP_TOOL_NAME                        ; altera_avalon_new_sdram_controller                         ; --            ; MTL_SOPC_sdram                                         ; --               ;
; IP_TOOL_NAME                        ; altera_avalon_pio                                          ; --            ; MTL_SOPC_sw                                            ; --               ;
; IP_TOOL_NAME                        ; altera_avalon_sysid_qsys                                   ; --            ; MTL_SOPC_sysid                                         ; --               ;
; IP_TOOL_NAME                        ; altera_avalon_timer                                        ; --            ; MTL_SOPC_timer                                         ; --               ;
; IP_TOOL_NAME                        ; altera_tristate_conduit_bridge                             ; --            ; MTL_SOPC_tri_state_bridge_flash_bridge_0               ; --               ;
; IP_TOOL_NAME                        ; altera_tristate_conduit_pin_sharer                         ; --            ; MTL_SOPC_tri_state_bridge_flash_pinSharer_0            ; --               ;
; IP_TOOL_NAME                        ; altera_merlin_std_arbitrator                               ; --            ; MTL_SOPC_tri_state_bridge_flash_pinSharer_0_arbiter    ; --               ;
; IP_TOOL_NAME                        ; altera_tristate_conduit_pin_sharer_core                    ; --            ; MTL_SOPC_tri_state_bridge_flash_pinSharer_0_pin_sharer ; --               ;
; IP_TOOL_NAME                        ; alt_vip_itc                                                ; --            ; alt_vipitc130_IS2Vid                                   ; --               ;
; IP_TOOL_NAME                        ; alt_vip_vfr                                                ; --            ; alt_vipvfr130_vfr                                      ; --               ;
; IP_TOOL_NAME                        ; altera_avalon_mm_clock_crossing_bridge                     ; --            ; altera_avalon_mm_clock_crossing_bridge                 ; --               ;
; IP_TOOL_NAME                        ; altera_avalon_sc_fifo                                      ; --            ; altera_avalon_sc_fifo                                  ; --               ;
; IP_TOOL_NAME                        ; altera_avalon_st_handshake_clock_crosser                   ; --            ; altera_avalon_st_handshake_clock_crosser               ; --               ;
; IP_TOOL_NAME                        ; altera_irq_clock_crosser                                   ; --            ; altera_irq_clock_crosser                               ; --               ;
; IP_TOOL_NAME                        ; altera_merlin_burst_adapter                                ; --            ; altera_merlin_burst_adapter                            ; --               ;
; IP_TOOL_NAME                        ; altera_merlin_master_agent                                 ; --            ; altera_merlin_master_agent                             ; --               ;
; IP_TOOL_NAME                        ; altera_merlin_master_translator                            ; --            ; altera_merlin_master_translator                        ; --               ;
; IP_TOOL_NAME                        ; altera_merlin_slave_agent                                  ; --            ; altera_merlin_slave_agent                              ; --               ;
; IP_TOOL_NAME                        ; altera_merlin_slave_translator                             ; --            ; altera_merlin_slave_translator                         ; --               ;
; IP_TOOL_NAME                        ; altera_merlin_traffic_limiter                              ; --            ; altera_merlin_traffic_limiter                          ; --               ;
; IP_TOOL_NAME                        ; altera_merlin_width_adapter                                ; --            ; altera_merlin_width_adapter                            ; --               ;
; IP_TOOL_NAME                        ; altera_reset_controller                                    ; --            ; altera_reset_controller                                ; --               ;
; IP_TOOL_NAME                        ; altera_tristate_controller_aggregator                      ; --            ; altera_tristate_controller_aggregator                  ; --               ;
; IP_TOOL_NAME                        ; altera_tristate_controller_translator                      ; --            ; altera_tristate_controller_translator                  ; --               ;
; IP_TOOL_VERSION                     ; 13.0sp1                                                    ; --            ; MTL_SOPC                                               ; --               ;
; IP_TOOL_VERSION                     ; 13.0                                                       ; --            ; MTL_SOPC_addr_router                                   ; --               ;
; IP_TOOL_VERSION                     ; 13.0                                                       ; --            ; MTL_SOPC_addr_router_001                               ; --               ;
; IP_TOOL_VERSION                     ; 13.0                                                       ; --            ; MTL_SOPC_addr_router_002                               ; --               ;
; IP_TOOL_VERSION                     ; 13.0                                                       ; --            ; MTL_SOPC_addr_router_003                               ; --               ;
; IP_TOOL_VERSION                     ; 13.0                                                       ; --            ; MTL_SOPC_altpll_sys                                    ; --               ;
; IP_TOOL_VERSION                     ; 13.0                                                       ; --            ; MTL_SOPC_cfi_flash                                     ; --               ;
; IP_TOOL_VERSION                     ; 13.0                                                       ; --            ; MTL_SOPC_cmd_xbar_demux                                ; --               ;
; IP_TOOL_VERSION                     ; 13.0                                                       ; --            ; MTL_SOPC_cmd_xbar_demux_001                            ; --               ;
; IP_TOOL_VERSION                     ; 13.0                                                       ; --            ; MTL_SOPC_cmd_xbar_demux_002                            ; --               ;
; IP_TOOL_VERSION                     ; 13.0                                                       ; --            ; MTL_SOPC_cmd_xbar_demux_003                            ; --               ;
; IP_TOOL_VERSION                     ; 13.0                                                       ; --            ; MTL_SOPC_cmd_xbar_mux                                  ; --               ;
; IP_TOOL_VERSION                     ; 13.0                                                       ; --            ; MTL_SOPC_cpu                                           ; --               ;
; IP_TOOL_VERSION                     ; 13.0.1.99.2                                                ; --            ; MTL_SOPC_epcs_flash_controller                         ; --               ;
; IP_TOOL_VERSION                     ; 13.0                                                       ; --            ; MTL_SOPC_id_router                                     ; --               ;
; IP_TOOL_VERSION                     ; 13.0                                                       ; --            ; MTL_SOPC_id_router_001                                 ; --               ;
; IP_TOOL_VERSION                     ; 13.0                                                       ; --            ; MTL_SOPC_id_router_004                                 ; --               ;
; IP_TOOL_VERSION                     ; 13.0                                                       ; --            ; MTL_SOPC_id_router_005                                 ; --               ;
; IP_TOOL_VERSION                     ; 13.0                                                       ; --            ; MTL_SOPC_id_router_007                                 ; --               ;
; IP_TOOL_VERSION                     ; 13.0                                                       ; --            ; MTL_SOPC_id_router_017                                 ; --               ;
; IP_TOOL_VERSION                     ; 13.0                                                       ; --            ; MTL_SOPC_irq_mapper                                    ; --               ;
; IP_TOOL_VERSION                     ; 13.0.1.99.2                                                ; --            ; MTL_SOPC_jtag_uart                                     ; --               ;
; IP_TOOL_VERSION                     ; 13.0.1.99.2                                                ; --            ; MTL_SOPC_key                                           ; --               ;
; IP_TOOL_VERSION                     ; 13.0.1.99.2                                                ; --            ; MTL_SOPC_lcd                                           ; --               ;
; IP_TOOL_VERSION                     ; 13.0.1.99.2                                                ; --            ; MTL_SOPC_led                                           ; --               ;
; IP_TOOL_VERSION                     ; 13.0.1.99.2                                                ; --            ; MTL_SOPC_pio_0                                         ; --               ;
; IP_TOOL_VERSION                     ; 13.0.1.99.2                                                ; --            ; MTL_SOPC_pio_1                                         ; --               ;
; IP_TOOL_VERSION                     ; 13.0                                                       ; --            ; MTL_SOPC_rsp_xbar_demux                                ; --               ;
; IP_TOOL_VERSION                     ; 13.0                                                       ; --            ; MTL_SOPC_rsp_xbar_demux_017                            ; --               ;
; IP_TOOL_VERSION                     ; 13.0                                                       ; --            ; MTL_SOPC_rsp_xbar_mux                                  ; --               ;
; IP_TOOL_VERSION                     ; 13.0                                                       ; --            ; MTL_SOPC_rsp_xbar_mux_001                              ; --               ;
; IP_TOOL_VERSION                     ; 13.0                                                       ; --            ; MTL_SOPC_rsp_xbar_mux_003                              ; --               ;
; IP_TOOL_VERSION                     ; 13.0.1.99.2                                                ; --            ; MTL_SOPC_sdram                                         ; --               ;
; IP_TOOL_VERSION                     ; 13.0.1.99.2                                                ; --            ; MTL_SOPC_sw                                            ; --               ;
; IP_TOOL_VERSION                     ; 13.0                                                       ; --            ; MTL_SOPC_sysid                                         ; --               ;
; IP_TOOL_VERSION                     ; 13.0.1.99.2                                                ; --            ; MTL_SOPC_timer                                         ; --               ;
; IP_TOOL_VERSION                     ; 13.0                                                       ; --            ; MTL_SOPC_tri_state_bridge_flash_bridge_0               ; --               ;
; IP_TOOL_VERSION                     ; 13.0                                                       ; --            ; MTL_SOPC_tri_state_bridge_flash_pinSharer_0            ; --               ;
; IP_TOOL_VERSION                     ; 13.0                                                       ; --            ; MTL_SOPC_tri_state_bridge_flash_pinSharer_0_arbiter    ; --               ;
; IP_TOOL_VERSION                     ; 13.0                                                       ; --            ; MTL_SOPC_tri_state_bridge_flash_pinSharer_0_pin_sharer ; --               ;
; IP_TOOL_VERSION                     ; 13.0                                                       ; --            ; alt_vipitc130_IS2Vid                                   ; --               ;
; IP_TOOL_VERSION                     ; 13.0                                                       ; --            ; alt_vipvfr130_vfr                                      ; --               ;
; IP_TOOL_VERSION                     ; 13.0                                                       ; --            ; altera_avalon_mm_clock_crossing_bridge                 ; --               ;
; IP_TOOL_VERSION                     ; 13.0                                                       ; --            ; altera_avalon_sc_fifo                                  ; --               ;
; IP_TOOL_VERSION                     ; 13.0                                                       ; --            ; altera_avalon_st_handshake_clock_crosser               ; --               ;
; IP_TOOL_VERSION                     ; 13.0                                                       ; --            ; altera_irq_clock_crosser                               ; --               ;
; IP_TOOL_VERSION                     ; 13.0                                                       ; --            ; altera_merlin_burst_adapter                            ; --               ;
; IP_TOOL_VERSION                     ; 13.0                                                       ; --            ; altera_merlin_master_agent                             ; --               ;
; IP_TOOL_VERSION                     ; 13.0                                                       ; --            ; altera_merlin_master_translator                        ; --               ;
; IP_TOOL_VERSION                     ; 13.0                                                       ; --            ; altera_merlin_slave_agent                              ; --               ;
; IP_TOOL_VERSION                     ; 13.0                                                       ; --            ; altera_merlin_slave_translator                         ; --               ;
; IP_TOOL_VERSION                     ; 13.0                                                       ; --            ; altera_merlin_traffic_limiter                          ; --               ;
; IP_TOOL_VERSION                     ; 13.0                                                       ; --            ; altera_merlin_width_adapter                            ; --               ;
; IP_TOOL_VERSION                     ; 13.0                                                       ; --            ; altera_reset_controller                                ; --               ;
; IP_TOOL_VERSION                     ; 13.0                                                       ; --            ; altera_tristate_controller_aggregator                  ; --               ;
; IP_TOOL_VERSION                     ; 13.0                                                       ; --            ; altera_tristate_controller_translator                  ; --               ;
; MISC_FILE                           ; MTL_SOPC/synthesis/../../MTL_SOPC.cmp                      ; --            ; --                                                     ; --               ;
; MISC_FILE                           ; MTL_SOPC/synthesis/../../MTL_SOPC.qsys                     ; --            ; --                                                     ; --               ;
; PARTITION_COLOR                     ; 16764057                                                   ; --            ; --                                                     ; Top              ;
; PARTITION_FITTER_PRESERVATION_LEVEL ; PLACEMENT_AND_ROUTING                                      ; --            ; --                                                     ; Top              ;
; PARTITION_NETLIST_TYPE              ; SOURCE                                                     ; --            ; --                                                     ; Top              ;
; SLD_FILE                            ; C:/Integration/stp1_auto_stripped.stp                      ; --            ; --                                                     ; --               ;
; SLD_INFO                            ; QSYS_NAME MTL_SOPC HAS_SOPCINFO 1 GENERATION_ID 1386398321 ; --            ; MTL_SOPC                                               ; --               ;
; SLD_NODE_CREATOR_ID                 ; 110                                                        ; --            ; --                                                     ; auto_signaltap_0 ;
; SLD_NODE_ENTITY_NAME                ; sld_signaltap                                              ; --            ; --                                                     ; auto_signaltap_0 ;
; SLD_NODE_PARAMETER_ASSIGNMENT       ; SLD_DATA_BITS=4                                            ; --            ; --                                                     ; auto_signaltap_0 ;
; SLD_NODE_PARAMETER_ASSIGNMENT       ; SLD_TRIGGER_BITS=4                                         ; --            ; --                                                     ; auto_signaltap_0 ;
; SLD_NODE_PARAMETER_ASSIGNMENT       ; SLD_NODE_INFO=805334528                                    ; --            ; --                                                     ; auto_signaltap_0 ;
; SLD_NODE_PARAMETER_ASSIGNMENT       ; SLD_POWER_UP_TRIGGER=0                                     ; --            ; --                                                     ; auto_signaltap_0 ;
; SLD_NODE_PARAMETER_ASSIGNMENT       ; SLD_INVERSION_MASK=000000000000000000000000000000000       ; --            ; --                                                     ; auto_signaltap_0 ;
; SLD_NODE_PARAMETER_ASSIGNMENT       ; SLD_INVERSION_MASK_LENGTH=33                               ; --            ; --                                                     ; auto_signaltap_0 ;
; SLD_NODE_PARAMETER_ASSIGNMENT       ; SLD_STORAGE_QUALIFIER_INVERSION_MASK_LENGTH=0              ; --            ; --                                                     ; auto_signaltap_0 ;
; SLD_NODE_PARAMETER_ASSIGNMENT       ; SLD_SEGMENT_SIZE=128                                       ; --            ; --                                                     ; auto_signaltap_0 ;
; SLD_NODE_PARAMETER_ASSIGNMENT       ; SLD_ATTRIBUTE_MEM_MODE=OFF                                 ; --            ; --                                                     ; auto_signaltap_0 ;
; SLD_NODE_PARAMETER_ASSIGNMENT       ; SLD_STATE_FLOW_USE_GENERATED=0                             ; --            ; --                                                     ; auto_signaltap_0 ;
; SLD_NODE_PARAMETER_ASSIGNMENT       ; SLD_STATE_BITS=11                                          ; --            ; --                                                     ; auto_signaltap_0 ;
; SLD_NODE_PARAMETER_ASSIGNMENT       ; SLD_BUFFER_FULL_STOP=1                                     ; --            ; --                                                     ; auto_signaltap_0 ;
; SLD_NODE_PARAMETER_ASSIGNMENT       ; SLD_CURRENT_RESOURCE_WIDTH=1                               ; --            ; --                                                     ; auto_signaltap_0 ;
; SLD_NODE_PARAMETER_ASSIGNMENT       ; SLD_NODE_CRC_LOWORD=41972                                  ; --            ; --                                                     ; auto_signaltap_0 ;
; SLD_NODE_PARAMETER_ASSIGNMENT       ; SLD_NODE_CRC_HIWORD=13283                                  ; --            ; --                                                     ; auto_signaltap_0 ;
; SLD_NODE_PARAMETER_ASSIGNMENT       ; SLD_TRIGGER_LEVEL=1                                        ; --            ; --                                                     ; auto_signaltap_0 ;
; SLD_NODE_PARAMETER_ASSIGNMENT       ; SLD_SAMPLE_DEPTH=128                                       ; --            ; --                                                     ; auto_signaltap_0 ;
; SLD_NODE_PARAMETER_ASSIGNMENT       ; SLD_TRIGGER_IN_ENABLED=0                                   ; --            ; --                                                     ; auto_signaltap_0 ;
; SLD_NODE_PARAMETER_ASSIGNMENT       ; SLD_ADVANCED_TRIGGER_ENTITY=basic,1,                       ; --            ; --                                                     ; auto_signaltap_0 ;
; SLD_NODE_PARAMETER_ASSIGNMENT       ; SLD_TRIGGER_LEVEL_PIPELINE=1                               ; --            ; --                                                     ; auto_signaltap_0 ;
; SLD_NODE_PARAMETER_ASSIGNMENT       ; SLD_ENABLE_ADVANCED_TRIGGER=0                              ; --            ; --                                                     ; auto_signaltap_0 ;
; SOPCINFO_FILE                       ; MTL_SOPC/synthesis/../../MTL_SOPC.sopcinfo                 ; --            ; --                                                     ; --               ;
; SYNTHESIS_ONLY_QIP                  ; On                                                         ; --            ; --                                                     ; --               ;
; USE_SIGNALTAP_FILE                  ; stp1.stp                                                   ; --            ; --                                                     ; --               ;
+-------------------------------------+------------------------------------------------------------+---------------+--------------------------------------------------------+------------------+


+-------------------------------------------------------------------------------------------------------------------------------+
; Flow Elapsed Time                                                                                                             ;
+---------------------------+--------------+-------------------------+---------------------+------------------------------------+
; Module Name               ; Elapsed Time ; Average Processors Used ; Peak Virtual Memory ; Total CPU Time (on all processors) ;
+---------------------------+--------------+-------------------------+---------------------+------------------------------------+
; Analysis & Synthesis      ; 00:01:38     ; 1.0                     ; 845 MB              ; 00:01:13                           ;
; Fitter                    ; 00:02:11     ; 1.3                     ; 1030 MB             ; 00:02:34                           ;
; Assembler                 ; 00:00:05     ; 1.0                     ; 496 MB              ; 00:00:04                           ;
; TimeQuest Timing Analyzer ; 00:00:09     ; 1.0                     ; 650 MB              ; 00:00:08                           ;
; Total                     ; 00:04:03     ; --                      ; --                  ; 00:03:59                           ;
+---------------------------+--------------+-------------------------+---------------------+------------------------------------+


+----------------------------------------------------------------------------------------+
; Flow OS Summary                                                                        ;
+---------------------------+------------------+-----------+------------+----------------+
; Module Name               ; Machine Hostname ; OS Name   ; OS Version ; Processor type ;
+---------------------------+------------------+-----------+------------+----------------+
; Analysis & Synthesis      ; scott-VAIO       ; Windows 7 ; 6.1        ; x86_64         ;
; Fitter                    ; scott-VAIO       ; Windows 7 ; 6.1        ; x86_64         ;
; Assembler                 ; scott-VAIO       ; Windows 7 ; 6.1        ; x86_64         ;
; TimeQuest Timing Analyzer ; scott-VAIO       ; Windows 7 ; 6.1        ; x86_64         ;
+---------------------------+------------------+-----------+------------+----------------+


------------
; Flow Log ;
------------
quartus_map --read_settings_files=on --write_settings_files=off MTL_DEMO -c MTL_DEMO
quartus_fit --read_settings_files=off --write_settings_files=off MTL_DEMO -c MTL_DEMO
quartus_asm --read_settings_files=off --write_settings_files=off MTL_DEMO -c MTL_DEMO
quartus_sta MTL_DEMO -c MTL_DEMO



